2022-10-04 12:17:49,100 [INFO] Activator:177 - 


2022-10-04 12:17:49,100 [INFO] Activator:178 - !SESSION log4j initialized
2022-10-04 12:18:12,142 [ERROR] LogOutputStream:74 - [STDERR_REDIRECT] SLF4J: Failed to load class "org.slf4j.impl.StaticLoggerBinder".
2022-10-04 12:18:12,142 [ERROR] LogOutputStream:74 - [STDERR_REDIRECT] SLF4J: Defaulting to no-operation (NOP) logger implementation
2022-10-04 12:18:12,142 [ERROR] LogOutputStream:74 - [STDERR_REDIRECT] SLF4J: See http://www.slf4j.org/codes.html#StaticLoggerBinder for further details.
2022-10-04 12:18:39,207 [INFO] McuFinderGlobals:44 - Set McuFinder mode to 2 (CubeIDE integrated)
2022-10-04 12:18:39,488 [INFO] ApplicationProperties:181 - Using Application install path: C:\appz\ST\STM32CubeIDE_1.10.1\STM32CubeIDE\plugins\com.st.stm32cube.common.mx_6.6.1.202207061420
2022-10-04 12:18:39,519 [INFO] DbMcusXml:77 - Set database path to: C:\appz\ST\STM32CubeIDE_1.10.1\STM32CubeIDE\plugins\com.st.stm32cube.common.mx_6.6.1.202207061420\\db\/mcu/
2022-10-04 12:18:39,519 [INFO] ApiDb:269 - Set plugin database path to: C:\appz\ST\STM32CubeIDE_1.10.1\STM32CubeIDE\plugins\com.st.stm32cube.common.mx_6.6.1.202207061420\\db\/plugins/boardmanager/
2022-10-04 12:18:39,519 [WARN] ApiDb:254 - Overriding images path with different value:  => C:\appz\ST\STM32CubeIDE_1.10.1\STM32CubeIDE\plugins\com.st.stm32cube.common.mx_6.6.1.202207061420\\db\/plugins/mcufinder/images/
2022-10-04 12:18:41,410 [ERROR] ApiFinderProperties:228 - Failed to read file additional_hw_images/X-NUCLEO-S2915A1.jpg: C:\Users\xkosik09\.stmcufinder\plugins\mcufinder\mcu\additional_hw_images\X-NUCLEO-S2915A1.jpg (Systém nemuže nalézt uvedenou cestu)
2022-10-04 12:18:41,410 [ERROR] ApiFinderProperties:228 - Failed to read file additional_hw_images/X-NUCLEO-S2868A2.jpg: C:\Users\xkosik09\.stmcufinder\plugins\mcufinder\mcu\additional_hw_images\X-NUCLEO-S2868A2.jpg (Systém nemuže nalézt uvedenou cestu)
2022-10-04 12:18:41,410 [ERROR] ApiFinderProperties:228 - Failed to read file additional_hw_images/X-NUCLEO-S2868A1.jpg: C:\Users\xkosik09\.stmcufinder\plugins\mcufinder\mcu\additional_hw_images\X-NUCLEO-S2868A1.jpg (Systém nemuže nalézt uvedenou cestu)
2022-10-04 12:18:41,410 [ERROR] ApiFinderProperties:228 - Failed to read file additional_hw_images/X-NUCLEO-NFC07A1.jpg: C:\Users\xkosik09\.stmcufinder\plugins\mcufinder\mcu\additional_hw_images\X-NUCLEO-NFC07A1.jpg (Systém nemuže nalézt uvedenou cestu)
2022-10-04 12:18:41,426 [ERROR] ApiFinderProperties:228 - Failed to read file additional_hw_images/X-NUCLEO-NFC04A1.jpg: C:\Users\xkosik09\.stmcufinder\plugins\mcufinder\mcu\additional_hw_images\X-NUCLEO-NFC04A1.jpg (Systém nemuže nalézt uvedenou cestu)
2022-10-04 12:18:41,426 [ERROR] ApiFinderProperties:228 - Failed to read file additional_hw_images/X-NUCLEO-IKS02A1.jpg: C:\Users\xkosik09\.stmcufinder\plugins\mcufinder\mcu\additional_hw_images\X-NUCLEO-IKS02A1.jpg (Systém nemuže nalézt uvedenou cestu)
2022-10-04 12:18:41,426 [ERROR] ApiFinderProperties:228 - Failed to read file additional_hw_images/X-NUCLEO-IKS01A3.jpg: C:\Users\xkosik09\.stmcufinder\plugins\mcufinder\mcu\additional_hw_images\X-NUCLEO-IKS01A3.jpg (Systém nemuže nalézt uvedenou cestu)
2022-10-04 12:18:41,441 [ERROR] ApiFinderProperties:228 - Failed to read file additional_hw_images/X-NUCLEO-IKS01A2.jpg: C:\Users\xkosik09\.stmcufinder\plugins\mcufinder\mcu\additional_hw_images\X-NUCLEO-IKS01A2.jpg (Systém nemuže nalézt uvedenou cestu)
2022-10-04 12:18:41,441 [ERROR] ApiFinderProperties:228 - Failed to read file additional_hw_images/X-NUCLEO-IDB05A2.jpg: C:\Users\xkosik09\.stmcufinder\plugins\mcufinder\mcu\additional_hw_images\X-NUCLEO-IDB05A2.jpg (Systém nemuže nalézt uvedenou cestu)
2022-10-04 12:18:41,441 [ERROR] ApiFinderProperties:228 - Failed to read file additional_hw_images/X-NUCLEO-GNSS1A1.jpg: C:\Users\xkosik09\.stmcufinder\plugins\mcufinder\mcu\additional_hw_images\X-NUCLEO-GNSS1A1.jpg (Systém nemuže nalézt uvedenou cestu)
2022-10-04 12:18:41,441 [ERROR] ApiFinderProperties:228 - Failed to read file additional_hw_images/X-NUCLEO-EEPRMA2.jpg: C:\Users\xkosik09\.stmcufinder\plugins\mcufinder\mcu\additional_hw_images\X-NUCLEO-EEPRMA2.jpg (Systém nemuže nalézt uvedenou cestu)
2022-10-04 12:18:41,441 [ERROR] ApiFinderProperties:228 - Failed to read file additional_hw_images/X-NUCLEO-EEPRMA1.jpg: C:\Users\xkosik09\.stmcufinder\plugins\mcufinder\mcu\additional_hw_images\X-NUCLEO-EEPRMA1.jpg (Systém nemuže nalézt uvedenou cestu)
2022-10-04 12:18:41,441 [ERROR] ApiFinderProperties:228 - Failed to read file additional_hw_images/X-NUCLEO-BNRG2A1.jpg: C:\Users\xkosik09\.stmcufinder\plugins\mcufinder\mcu\additional_hw_images\X-NUCLEO-BNRG2A1.jpg (Systém nemuže nalézt uvedenou cestu)
2022-10-04 12:18:41,457 [ERROR] ApiFinderProperties:228 - Failed to read file additional_hw_images/X-NUCLEO-6283A1.jpg: C:\Users\xkosik09\.stmcufinder\plugins\mcufinder\mcu\additional_hw_images\X-NUCLEO-6283A1.jpg (Systém nemuže nalézt uvedenou cestu)
2022-10-04 12:18:41,457 [ERROR] ApiFinderProperties:228 - Failed to read file additional_hw_images/VD6283TX.jpg: C:\Users\xkosik09\.stmcufinder\plugins\mcufinder\mcu\additional_hw_images\VD6283TX.jpg (Systém nemuže nalézt uvedenou cestu)
2022-10-04 12:18:41,457 [ERROR] ApiFinderProperties:228 - Failed to read file additional_hw_images/Teseo-LIV3F.jpg: C:\Users\xkosik09\.stmcufinder\plugins\mcufinder\mcu\additional_hw_images\Teseo-LIV3F.jpg (Systém nemuže nalézt uvedenou cestu)
2022-10-04 12:18:41,457 [ERROR] ApiFinderProperties:228 - Failed to read file additional_hw_images/STTS751.jpg: C:\Users\xkosik09\.stmcufinder\plugins\mcufinder\mcu\additional_hw_images\STTS751.jpg (Systém nemuže nalézt uvedenou cestu)
2022-10-04 12:18:41,457 [ERROR] ApiFinderProperties:228 - Failed to read file additional_hw_images/STEVAL-MKI209V1K.jpg: C:\Users\xkosik09\.stmcufinder\plugins\mcufinder\mcu\additional_hw_images\STEVAL-MKI209V1K.jpg (Systém nemuže nalézt uvedenou cestu)
2022-10-04 12:18:41,457 [ERROR] ApiFinderProperties:228 - Failed to read file additional_hw_images/ST25DV64KC.jpg: C:\Users\xkosik09\.stmcufinder\plugins\mcufinder\mcu\additional_hw_images\ST25DV64KC.jpg (Systém nemuže nalézt uvedenou cestu)
2022-10-04 12:18:41,457 [ERROR] ApiFinderProperties:228 - Failed to read file additional_hw_images/ST25DV04K.jpg: C:\Users\xkosik09\.stmcufinder\plugins\mcufinder\mcu\additional_hw_images\ST25DV04K.jpg (Systém nemuže nalézt uvedenou cestu)
2022-10-04 12:18:41,457 [ERROR] ApiFinderProperties:228 - Failed to read file additional_hw_images/S2-LP.jpg: C:\Users\xkosik09\.stmcufinder\plugins\mcufinder\mcu\additional_hw_images\S2-LP.jpg (Systém nemuže nalézt uvedenou cestu)
2022-10-04 12:18:41,457 [ERROR] ApiFinderProperties:228 - Failed to read file additional_hw_images/M95M04-DR.jpg: C:\Users\xkosik09\.stmcufinder\plugins\mcufinder\mcu\additional_hw_images\M95M04-DR.jpg (Systém nemuže nalézt uvedenou cestu)
2022-10-04 12:18:41,473 [ERROR] ApiFinderProperties:228 - Failed to read file additional_hw_images/M95M01-DF.jpg: C:\Users\xkosik09\.stmcufinder\plugins\mcufinder\mcu\additional_hw_images\M95M01-DF.jpg (Systém nemuže nalézt uvedenou cestu)
2022-10-04 12:18:41,473 [ERROR] ApiFinderProperties:228 - Failed to read file additional_hw_images/M95256-DF.jpg: C:\Users\xkosik09\.stmcufinder\plugins\mcufinder\mcu\additional_hw_images\M95256-DF.jpg (Systém nemuže nalézt uvedenou cestu)
2022-10-04 12:18:41,473 [ERROR] ApiFinderProperties:228 - Failed to read file additional_hw_images/M95040-R.jpg: C:\Users\xkosik09\.stmcufinder\plugins\mcufinder\mcu\additional_hw_images\M95040-R.jpg (Systém nemuže nalézt uvedenou cestu)
2022-10-04 12:18:41,473 [ERROR] ApiFinderProperties:228 - Failed to read file additional_hw_images/M24M01-DF.jpg: C:\Users\xkosik09\.stmcufinder\plugins\mcufinder\mcu\additional_hw_images\M24M01-DF.jpg (Systém nemuže nalézt uvedenou cestu)
2022-10-04 12:18:41,473 [ERROR] ApiFinderProperties:228 - Failed to read file additional_hw_images/M24C02-F.jpg: C:\Users\xkosik09\.stmcufinder\plugins\mcufinder\mcu\additional_hw_images\M24C02-F.jpg (Systém nemuže nalézt uvedenou cestu)
2022-10-04 12:18:41,473 [ERROR] ApiFinderProperties:228 - Failed to read file additional_hw_images/M24256-DF.jpg: C:\Users\xkosik09\.stmcufinder\plugins\mcufinder\mcu\additional_hw_images\M24256-DF.jpg (Systém nemuže nalézt uvedenou cestu)
2022-10-04 12:18:41,473 [ERROR] ApiFinderProperties:228 - Failed to read file additional_hw_images/LSM6DSO.jpg: C:\Users\xkosik09\.stmcufinder\plugins\mcufinder\mcu\additional_hw_images\LSM6DSO.jpg (Systém nemuže nalézt uvedenou cestu)
2022-10-04 12:18:41,473 [ERROR] ApiFinderProperties:228 - Failed to read file additional_hw_images/LSM6DSL.jpg: C:\Users\xkosik09\.stmcufinder\plugins\mcufinder\mcu\additional_hw_images\LSM6DSL.jpg (Systém nemuže nalézt uvedenou cestu)
2022-10-04 12:18:41,473 [ERROR] ApiFinderProperties:228 - Failed to read file additional_hw_images/LSM303AGR.jpg: C:\Users\xkosik09\.stmcufinder\plugins\mcufinder\mcu\additional_hw_images\LSM303AGR.jpg (Systém nemuže nalézt uvedenou cestu)
2022-10-04 12:18:41,473 [ERROR] ApiFinderProperties:228 - Failed to read file additional_hw_images/LPS22HH.jpg: C:\Users\xkosik09\.stmcufinder\plugins\mcufinder\mcu\additional_hw_images\LPS22HH.jpg (Systém nemuže nalézt uvedenou cestu)
2022-10-04 12:18:41,473 [ERROR] ApiFinderProperties:228 - Failed to read file additional_hw_images/LPS22HB.jpg: C:\Users\xkosik09\.stmcufinder\plugins\mcufinder\mcu\additional_hw_images\LPS22HB.jpg (Systém nemuže nalézt uvedenou cestu)
2022-10-04 12:18:41,473 [ERROR] ApiFinderProperties:228 - Failed to read file additional_hw_images/LIS2MDL.jpg: C:\Users\xkosik09\.stmcufinder\plugins\mcufinder\mcu\additional_hw_images\LIS2MDL.jpg (Systém nemuže nalézt uvedenou cestu)
2022-10-04 12:18:41,473 [ERROR] ApiFinderProperties:228 - Failed to read file additional_hw_images/LIS2DW12.jpg: C:\Users\xkosik09\.stmcufinder\plugins\mcufinder\mcu\additional_hw_images\LIS2DW12.jpg (Systém nemuže nalézt uvedenou cestu)
2022-10-04 12:18:41,473 [ERROR] ApiFinderProperties:228 - Failed to read file additional_hw_images/ISM330DHCX.jpg: C:\Users\xkosik09\.stmcufinder\plugins\mcufinder\mcu\additional_hw_images\ISM330DHCX.jpg (Systém nemuže nalézt uvedenou cestu)
2022-10-04 12:18:41,473 [ERROR] ApiFinderProperties:228 - Failed to read file additional_hw_images/IMP34DT05.jpg: C:\Users\xkosik09\.stmcufinder\plugins\mcufinder\mcu\additional_hw_images\IMP34DT05.jpg (Systém nemuže nalézt uvedenou cestu)
2022-10-04 12:18:41,488 [ERROR] ApiFinderProperties:228 - Failed to read file additional_hw_images/IIS2MDC.jpg: C:\Users\xkosik09\.stmcufinder\plugins\mcufinder\mcu\additional_hw_images\IIS2MDC.jpg (Systém nemuže nalézt uvedenou cestu)
2022-10-04 12:18:41,488 [ERROR] ApiFinderProperties:228 - Failed to read file additional_hw_images/IIS2ICLX.jpg: C:\Users\xkosik09\.stmcufinder\plugins\mcufinder\mcu\additional_hw_images\IIS2ICLX.jpg (Systém nemuže nalézt uvedenou cestu)
2022-10-04 12:18:41,488 [ERROR] ApiFinderProperties:228 - Failed to read file additional_hw_images/IIS2DLPC.jpg: C:\Users\xkosik09\.stmcufinder\plugins\mcufinder\mcu\additional_hw_images\IIS2DLPC.jpg (Systém nemuže nalézt uvedenou cestu)
2022-10-04 12:18:41,488 [ERROR] ApiFinderProperties:228 - Failed to read file additional_hw_images/HTS221.jpg: C:\Users\xkosik09\.stmcufinder\plugins\mcufinder\mcu\additional_hw_images\HTS221.jpg (Systém nemuže nalézt uvedenou cestu)
2022-10-04 12:18:41,488 [ERROR] ApiFinderProperties:228 - Failed to read file additional_hw_images/BlueNRG-M2SP.jpg: C:\Users\xkosik09\.stmcufinder\plugins\mcufinder\mcu\additional_hw_images\BlueNRG-M2SP.jpg (Systém nemuže nalézt uvedenou cestu)
2022-10-04 12:18:41,488 [ERROR] ApiFinderProperties:228 - Failed to read file additional_hw_images/BlueNRG-M0.jpg: C:\Users\xkosik09\.stmcufinder\plugins\mcufinder\mcu\additional_hw_images\BlueNRG-M0.jpg (Systém nemuže nalézt uvedenou cestu)
2022-10-04 12:18:41,566 [WARN] ApiFinderProperties:110 - C:\Users\xkosik09\.stmcufinder\plugins\mcufinder\mcu\mcuFinder.mfd doesn't exist
2022-10-04 12:18:41,566 [INFO] ApiDb:249 - Set database path to: C:\Users\xkosik09\.stmcufinder\plugins\mcufinder//mcu/
2022-10-04 12:18:41,566 [INFO] DbMcusAds:124 - Set database path to: C:\Users\xkosik09\.stmcufinder\plugins\mcufinder//mcu/
2022-10-04 12:18:41,566 [INFO] CrossReferenceDbSqlite:201 - Set database path to: C:\Users\xkosik09\.stmcufinder\plugins\mcufinder//mcu/cs/
2022-10-04 12:18:41,691 [INFO] RulesReader:61 - Compatibility file has been processed (282 Rules)
2022-10-04 12:18:41,801 [INFO] DbMcusXml:77 - Set database path to: C:\appz\ST\STM32CubeIDE_1.10.1\STM32CubeIDE\plugins\com.st.stm32cube.common.mx_6.6.1.202207061420\\db\/mcu/
2022-10-04 12:18:41,801 [INFO] ApiDb:269 - Set plugin database path to: C:\appz\ST\STM32CubeIDE_1.10.1\STM32CubeIDE\plugins\com.st.stm32cube.common.mx_6.6.1.202207061420\\db\/plugins/boardmanager/
2022-10-04 12:18:41,801 [INFO] ApiDb:256 - Set plugin images path to: C:\appz\ST\STM32CubeIDE_1.10.1\STM32CubeIDE\plugins\com.st.stm32cube.common.mx_6.6.1.202207061420\\db\/plugins/mcufinder/images/
2022-10-04 12:18:41,801 [WARN] DbFile:40 - Overriding database path with different value: C:\Users\xkosik09\.stmcufinder\plugins\mcufinder/ => C:\Users\xkosik09\.stmcufinder\plugins\mcufinder
2022-10-04 12:18:41,801 [INFO] ApiDb:249 - Set database path to: C:\Users\xkosik09\.stmcufinder\plugins\mcufinder//mcu/
2022-10-04 12:18:41,801 [WARN] DbFile:40 - Overriding database path with different value: C:\Users\xkosik09\.stmcufinder\plugins\mcufinder/ => C:\Users\xkosik09\.stmcufinder\plugins\mcufinder
2022-10-04 12:18:41,801 [INFO] DbMcusAds:124 - Set database path to: C:\Users\xkosik09\.stmcufinder\plugins\mcufinder//mcu/
2022-10-04 12:18:41,801 [WARN] DbFile:40 - Overriding database path with different value: C:\Users\xkosik09\.stmcufinder\plugins\mcufinder/ => C:\Users\xkosik09\.stmcufinder\plugins\mcufinder
2022-10-04 12:18:41,801 [WARN] DbFile:40 - Overriding database path with different value: C:\Users\xkosik09\.stmcufinder\plugins\mcufinder/ => C:\Users\xkosik09\.stmcufinder\plugins\mcufinder
2022-10-04 12:18:41,801 [INFO] CrossReferenceDbSqlite:201 - Set database path to: C:\Users\xkosik09\.stmcufinder\plugins\mcufinder//mcu/cs/
2022-10-04 12:18:41,926 [INFO] MainPanel:242 - HeapMemory: 428867584
2022-10-04 12:18:42,066 [INFO] DbMcusXml:77 - Set database path to: C:\appz\ST\STM32CubeIDE_1.10.1\STM32CubeIDE\plugins\com.st.stm32cube.common.mx_6.6.1.202207061420\\db\/mcu/
2022-10-04 12:18:42,066 [INFO] ApiDb:269 - Set plugin database path to: C:\appz\ST\STM32CubeIDE_1.10.1\STM32CubeIDE\plugins\com.st.stm32cube.common.mx_6.6.1.202207061420\\db\/plugins/boardmanager/
2022-10-04 12:18:42,066 [INFO] ApiDb:256 - Set plugin images path to: C:\appz\ST\STM32CubeIDE_1.10.1\STM32CubeIDE\plugins\com.st.stm32cube.common.mx_6.6.1.202207061420\\db\/plugins/mcufinder/images/
2022-10-04 12:18:42,066 [WARN] DbFile:40 - Overriding database path with different value: C:\Users\xkosik09\.stmcufinder\plugins\mcufinder/ => C:\Users\xkosik09\.stmcufinder\plugins\mcufinder
2022-10-04 12:18:42,066 [INFO] ApiDb:249 - Set database path to: C:\Users\xkosik09\.stmcufinder\plugins\mcufinder//mcu/
2022-10-04 12:18:42,066 [WARN] DbFile:40 - Overriding database path with different value: C:\Users\xkosik09\.stmcufinder\plugins\mcufinder/ => C:\Users\xkosik09\.stmcufinder\plugins\mcufinder
2022-10-04 12:18:42,066 [INFO] DbMcusAds:124 - Set database path to: C:\Users\xkosik09\.stmcufinder\plugins\mcufinder//mcu/
2022-10-04 12:18:42,066 [WARN] DbFile:40 - Overriding database path with different value: C:\Users\xkosik09\.stmcufinder\plugins\mcufinder/ => C:\Users\xkosik09\.stmcufinder\plugins\mcufinder
2022-10-04 12:18:42,066 [WARN] DbFile:40 - Overriding database path with different value: C:\Users\xkosik09\.stmcufinder\plugins\mcufinder/ => C:\Users\xkosik09\.stmcufinder\plugins\mcufinder
2022-10-04 12:18:42,066 [INFO] CrossReferenceDbSqlite:201 - Set database path to: C:\Users\xkosik09\.stmcufinder\plugins\mcufinder//mcu/cs/
2022-10-04 12:18:42,082 [INFO] ApplicationProperties:181 - Using Application install path: C:\appz\ST\STM32CubeIDE_1.10.1\STM32CubeIDE\plugins\com.st.stm32cube.common.mx_6.6.1.202207061420
2022-10-04 12:18:42,082 [INFO] PluginManage:193 - Search for loadable plugins [exclusion list=, ]
2022-10-04 12:18:42,082 [INFO] PluginManage:307 - Check plugin analytics
2022-10-04 12:18:42,363 [INFO] AnalyticsPlugin:262 - Accepted Software Licenses: 
2022-10-04 12:18:42,363 [INFO] AnalyticsPlugin:264 - Accepted CMSIS Pack Licenses: 
2022-10-04 12:18:42,363 [INFO] AnalyticsPlugin:266 - Accepted Firmware Licenses: 
2022-10-04 12:18:42,379 [INFO] PluginManage:356 - Loaded plugin analytics (category:tool,tabindex:-1)
2022-10-04 12:18:42,379 [INFO] PluginManage:307 - Check plugin cadmodel
2022-10-04 12:18:42,394 [INFO] CADModel:65 - Init CAD model plugin
2022-10-04 12:18:42,394 [INFO] PluginManage:356 - Loaded plugin cadmodel (category:power,tabindex:5)
2022-10-04 12:18:42,394 [INFO] PluginManage:307 - Check plugin clock
2022-10-04 12:18:42,410 [INFO] PluginManage:356 - Loaded plugin clock (category:base,tabindex:2)
2022-10-04 12:18:42,410 [INFO] PluginManage:307 - Check plugin ddr
2022-10-04 12:18:42,410 [INFO] PluginManage:356 - Loaded plugin ddr (category:tool,tabindex:6)
2022-10-04 12:18:42,410 [INFO] PluginManage:307 - Check plugin filemanager
2022-10-04 12:18:42,582 [INFO] PluginManage:356 - Loaded plugin filemanager (category:base,tabindex:10)
2022-10-04 12:18:42,582 [INFO] PluginManage:307 - Check plugin ipmanager
2022-10-04 12:18:42,598 [INFO] PluginManage:356 - Loaded plugin ipmanager (category:base,tabindex:5)
2022-10-04 12:18:42,598 [INFO] PluginManage:307 - Check plugin lpbam
2022-10-04 12:18:42,613 [INFO] PluginManage:356 - Loaded plugin lpbam (category:base,tabindex:0)
2022-10-04 12:18:42,613 [INFO] PluginManage:307 - Check plugin pinoutandconfiguration
2022-10-04 12:18:42,613 [INFO] PluginManage:356 - Loaded plugin pinoutandconfiguration (category:base,tabindex:1)
2022-10-04 12:18:42,613 [INFO] PluginManage:307 - Check plugin pinoutconfig
2022-10-04 12:18:42,660 [INFO] PluginManage:356 - Loaded plugin pinoutconfig (category:base,tabindex:0)
2022-10-04 12:18:42,660 [INFO] PluginManage:307 - Check plugin power
2022-10-04 12:18:42,676 [INFO] PluginManage:356 - Loaded plugin power (category:power,tabindex:4)
2022-10-04 12:18:42,676 [INFO] PluginManage:307 - Check plugin projectmanager
2022-10-04 12:18:42,691 [INFO] PluginManage:356 - Loaded plugin projectmanager (category:projectmanager,tabindex:3)
2022-10-04 12:18:42,691 [INFO] PluginManage:307 - Check plugin thirdparty
2022-10-04 12:18:42,910 [INFO] PluginManage:356 - Loaded plugin thirdparty (category:base,tabindex:-1)
2022-10-04 12:18:42,910 [INFO] PluginManage:307 - Check plugin tools
2022-10-04 12:18:42,926 [INFO] PluginManage:356 - Loaded plugin tools (category:base,tabindex:7)
2022-10-04 12:18:42,926 [INFO] PluginManage:307 - Check plugin tutovideos
2022-10-04 12:18:42,926 [WARN] IntegrityCheckThread:82 - waiting for thirdparty lock release [integrity check]
2022-10-04 12:18:42,941 [INFO] IntegrityCheckThread:84 - entering critical section [integrity check]
2022-10-04 12:18:42,957 [INFO] ThirdPartyUpdaterWithRetryManager:70 - Updater plugin not ready yet. [1/15]
2022-10-04 12:18:43,207 [INFO] PluginManage:356 - Loaded plugin tutovideos (category:base,tabindex:-1)
2022-10-04 12:18:43,207 [INFO] PluginManage:307 - Check plugin updater
2022-10-04 12:18:43,223 [INFO] PluginManage:356 - Loaded plugin updater (category:base,tabindex:12)
2022-10-04 12:18:43,223 [INFO] PluginManage:280 - PluginManage : Loaded plugins [15]
2022-10-04 12:18:43,488 [INFO] PinOutPanel:1468 - setPackage(No Configuration,No Configuration)
2022-10-04 12:18:43,551 [INFO] CADModel:98 - CPN selected for project level
2022-10-04 12:18:43,582 [INFO] IPUIPlugin:79 - create IPUIPlugin
2022-10-04 12:18:43,582 [INFO] PluginManager:217 - loadIPPluginJar : add adc
2022-10-04 12:18:43,582 [INFO] IPUIPlugin:79 - create IPUIPlugin
2022-10-04 12:18:43,582 [INFO] PluginManager:217 - loadIPPluginJar : add aes
2022-10-04 12:18:43,582 [INFO] IPUIPlugin:79 - create IPUIPlugin
2022-10-04 12:18:43,582 [INFO] PluginManager:217 - loadIPPluginJar : add can
2022-10-04 12:18:43,582 [INFO] IPUIPlugin:79 - create IPUIPlugin
2022-10-04 12:18:43,582 [INFO] PluginManager:217 - loadIPPluginJar : add comp
2022-10-04 12:18:43,582 [INFO] IPUIPlugin:79 - create IPUIPlugin
2022-10-04 12:18:43,582 [INFO] PluginManager:217 - loadIPPluginJar : add cryp
2022-10-04 12:18:43,582 [INFO] IPUIPlugin:79 - create IPUIPlugin
2022-10-04 12:18:43,582 [INFO] PluginManager:217 - loadIPPluginJar : add dfsdm
2022-10-04 12:18:43,598 [INFO] IPUIPlugin:79 - create IPUIPlugin
2022-10-04 12:18:43,598 [INFO] PluginManager:217 - loadIPPluginJar : add dma
2022-10-04 12:18:43,598 [INFO] IPUIPlugin:79 - create IPUIPlugin
2022-10-04 12:18:43,598 [INFO] PluginManager:217 - loadIPPluginJar : add dma3
2022-10-04 12:18:43,598 [INFO] IPUIPlugin:79 - create IPUIPlugin
2022-10-04 12:18:43,598 [INFO] PluginManager:217 - loadIPPluginJar : add fatfs
2022-10-04 12:18:43,613 [INFO] IPUIPlugin:79 - create IPUIPlugin
2022-10-04 12:18:43,613 [INFO] PluginManager:217 - loadIPPluginJar : add fmc
2022-10-04 12:18:43,613 [INFO] IPUIPlugin:79 - create IPUIPlugin
2022-10-04 12:18:43,613 [INFO] PluginManager:217 - loadIPPluginJar : add freertos
2022-10-04 12:18:43,613 [INFO] IPUIPlugin:79 - create IPUIPlugin
2022-10-04 12:18:43,613 [INFO] PluginManager:217 - loadIPPluginJar : add genericplugin
2022-10-04 12:18:43,613 [INFO] IPUIPlugin:79 - create IPUIPlugin
2022-10-04 12:18:43,613 [INFO] PluginManager:217 - loadIPPluginJar : add gfxmmu
2022-10-04 12:18:43,629 [INFO] IPUIPlugin:79 - create IPUIPlugin
2022-10-04 12:18:43,629 [INFO] PluginManager:217 - loadIPPluginJar : add gic
2022-10-04 12:18:43,629 [INFO] IPUIPlugin:79 - create IPUIPlugin
2022-10-04 12:18:43,629 [INFO] PluginManager:217 - loadIPPluginJar : add gpio
2022-10-04 12:18:43,629 [INFO] IPUIPlugin:79 - create IPUIPlugin
2022-10-04 12:18:43,629 [INFO] PluginManager:217 - loadIPPluginJar : add gtzc
2022-10-04 12:18:43,629 [INFO] IPUIPlugin:79 - create IPUIPlugin
2022-10-04 12:18:43,629 [INFO] PluginManager:217 - loadIPPluginJar : add hash
2022-10-04 12:18:43,644 [INFO] IPUIPlugin:79 - create IPUIPlugin
2022-10-04 12:18:43,644 [INFO] PluginManager:217 - loadIPPluginJar : add i2c
2022-10-04 12:18:43,644 [INFO] IPUIPlugin:79 - create IPUIPlugin
2022-10-04 12:18:43,644 [INFO] PluginManager:217 - loadIPPluginJar : add i2s
2022-10-04 12:18:43,644 [INFO] IPUIPlugin:79 - create IPUIPlugin
2022-10-04 12:18:43,644 [INFO] PluginManager:217 - loadIPPluginJar : add ipddr
2022-10-04 12:18:43,644 [INFO] IPUIPlugin:79 - create IPUIPlugin
2022-10-04 12:18:43,644 [INFO] PluginManager:217 - loadIPPluginJar : add linkedlist
2022-10-04 12:18:43,660 [INFO] IPUIPlugin:79 - create IPUIPlugin
2022-10-04 12:18:43,660 [INFO] PluginManager:217 - loadIPPluginJar : add lorawan
2022-10-04 12:18:43,660 [INFO] IPUIPlugin:79 - create IPUIPlugin
2022-10-04 12:18:43,660 [INFO] PluginManager:217 - loadIPPluginJar : add ltdc
2022-10-04 12:18:43,660 [INFO] IPUIPlugin:79 - create IPUIPlugin
2022-10-04 12:18:43,660 [INFO] PluginManager:217 - loadIPPluginJar : add mdma
2022-10-04 12:18:43,660 [INFO] IPUIPlugin:79 - create IPUIPlugin
2022-10-04 12:18:43,660 [INFO] PluginManager:217 - loadIPPluginJar : add nvic
2022-10-04 12:18:43,676 [INFO] IPUIPlugin:79 - create IPUIPlugin
2022-10-04 12:18:43,676 [INFO] PluginManager:217 - loadIPPluginJar : add opamp
2022-10-04 12:18:43,676 [INFO] IPUIPlugin:79 - create IPUIPlugin
2022-10-04 12:18:43,676 [INFO] PluginManager:217 - loadIPPluginJar : add openamp
2022-10-04 12:18:43,676 [INFO] IPUIPlugin:79 - create IPUIPlugin
2022-10-04 12:18:43,676 [INFO] PluginManager:217 - loadIPPluginJar : add pdm2pcm
2022-10-04 12:18:43,691 [INFO] IPUIPlugin:79 - create IPUIPlugin
2022-10-04 12:18:43,691 [INFO] PluginManager:217 - loadIPPluginJar : add plateformsettings
2022-10-04 12:18:43,691 [INFO] IPUIPlugin:79 - create IPUIPlugin
2022-10-04 12:18:43,691 [INFO] PluginManager:217 - loadIPPluginJar : add quadspi
2022-10-04 12:18:43,707 [INFO] IPUIPlugin:79 - create IPUIPlugin
2022-10-04 12:18:43,707 [INFO] PluginManager:217 - loadIPPluginJar : add resmgrutility
2022-10-04 12:18:43,707 [INFO] IPUIPlugin:79 - create IPUIPlugin
2022-10-04 12:18:43,707 [INFO] PluginManager:217 - loadIPPluginJar : add sai
2022-10-04 12:18:43,707 [INFO] IPUIPlugin:79 - create IPUIPlugin
2022-10-04 12:18:43,707 [INFO] PluginManager:217 - loadIPPluginJar : add spi
2022-10-04 12:18:43,723 [INFO] IPUIPlugin:79 - create IPUIPlugin
2022-10-04 12:18:43,723 [INFO] PluginManager:217 - loadIPPluginJar : add stm32_wpan
2022-10-04 12:18:43,723 [INFO] IPUIPlugin:79 - create IPUIPlugin
2022-10-04 12:18:43,723 [INFO] PluginManager:217 - loadIPPluginJar : add tim
2022-10-04 12:18:43,723 [INFO] IPUIPlugin:79 - create IPUIPlugin
2022-10-04 12:18:43,723 [INFO] PluginManager:217 - loadIPPluginJar : add touchsensing
2022-10-04 12:18:43,738 [INFO] IPUIPlugin:79 - create IPUIPlugin
2022-10-04 12:18:43,738 [INFO] PluginManager:217 - loadIPPluginJar : add tracer_emb
2022-10-04 12:18:43,738 [INFO] IPUIPlugin:79 - create IPUIPlugin
2022-10-04 12:18:43,738 [INFO] PluginManager:217 - loadIPPluginJar : add ts
2022-10-04 12:18:43,738 [INFO] IPUIPlugin:79 - create IPUIPlugin
2022-10-04 12:18:43,738 [INFO] PluginManager:217 - loadIPPluginJar : add tsc
2022-10-04 12:18:43,738 [INFO] IPUIPlugin:79 - create IPUIPlugin
2022-10-04 12:18:43,738 [INFO] PluginManager:217 - loadIPPluginJar : add ucpd
2022-10-04 12:18:43,754 [INFO] IPUIPlugin:79 - create IPUIPlugin
2022-10-04 12:18:43,754 [INFO] PluginManager:217 - loadIPPluginJar : add usart
2022-10-04 12:18:43,754 [INFO] IPUIPlugin:79 - create IPUIPlugin
2022-10-04 12:18:43,754 [INFO] PluginManager:217 - loadIPPluginJar : add usbx
2022-10-04 12:18:44,104 [FATAL] Updater:301 - Updater called before beeing initialized
2022-10-04 12:18:44,229 [FATAL] Updater:301 - Updater called before beeing initialized
2022-10-04 12:18:44,229 [INFO] DbMcusAds:52 - JSON generation date=Thu Sep 30 08:55:09 CEST 2021 (1632984909247)
2022-10-04 12:18:44,229 [FATAL] Updater:301 - Updater called before beeing initialized
2022-10-04 12:18:44,276 [WARN] DetailPanel:344 - Failed to get advertising image, set to default
2022-10-04 12:18:44,416 [FATAL] Updater:301 - Updater called before beeing initialized
2022-10-04 12:18:44,432 [FATAL] Updater:301 - Updater called before beeing initialized
2022-10-04 12:18:44,432 [FATAL] Updater:301 - Updater called before beeing initialized
2022-10-04 12:18:44,432 [WARN] DetailPanel:344 - Failed to get advertising image, set to default
2022-10-04 12:18:44,432 [FATAL] Updater:301 - Updater called before beeing initialized
2022-10-04 12:18:44,479 [ERROR] Updater:1105 - MainUpdater not yet initialized. External WinMGr cannot be set.
2022-10-04 12:18:44,479 [INFO] Updater:1041 - Updater Version found : 6.6.1
2022-10-04 12:18:44,510 [INFO] ApplicationProperties:181 - Using Application install path: C:\appz\ST\STM32CubeIDE_1.10.1\STM32CubeIDE\plugins\com.st.stm32cube.common.mx_6.6.1.202207061420
2022-10-04 12:18:44,541 [INFO] MainUpdater:516 - Copy updater definitions from MX database
2022-10-04 12:18:44,572 [INFO] MainUpdater:549 - Copy flag file definitions from MX database
2022-10-04 12:18:44,572 [INFO] MainUpdater:565 - Copy thirdparty index definitions from MX database
2022-10-04 12:18:44,572 [INFO] MainUpdater:584 - Copy default thirdparty db definitions from MX database
2022-10-04 12:18:44,666 [INFO] MainUpdater:2768 - connection check result : 10
2022-10-04 12:18:44,666 [INFO] MainUpdater:3453 - Updater definition file requires update
2022-10-04 12:18:44,682 [INFO] MainUpdater:280 - Updater Check For Update Now.
2022-10-04 12:18:44,682 [INFO] MicroXplorer:481 - Change Database Version : DB.6.0.60
2022-10-04 12:18:44,697 [INFO] ServerAccessManage:474 - Download File updaters.zip
2022-10-04 12:18:44,744 [INFO] FileExtend:239 - Unzip File : updaters.zip
2022-10-04 12:18:44,744 [INFO] FileExtend:254 - Standard Zip Deflate
2022-10-04 12:18:45,072 [INFO] ServerAccessManage:474 - Download File PacksControlFlags.xml
2022-10-04 12:18:45,119 [INFO] ServerAccessManage:474 - Download File cubemx.pidx
2022-10-04 12:18:45,697 [INFO] ServerAccessManage:474 - Download File STMicroelectronics.FP-ATR-ASTRA1.pdsc
2022-10-04 12:18:45,744 [INFO] ServerAccessManage:474 - Download File STMicroelectronics.X-CUBE-AI.pdsc
2022-10-04 12:18:45,885 [INFO] ServerAccessManage:474 - Download File STMicroelectronics.X-CUBE-ALS.pdsc
2022-10-04 12:18:45,932 [INFO] ServerAccessManage:474 - Download File STMicroelectronics.X-CUBE-BLE1.pdsc
2022-10-04 12:18:45,963 [WARN] MainUpdater:1184 - Updater busy. Cannot search thirdparties
2022-10-04 12:18:45,963 [INFO] ThirdPartyUpdaterWithRetryManager:96 - Updater plugin is busy. [1/15]
2022-10-04 12:18:46,182 [ERROR] ServerAccessManage:1090 - Problem, file not found on Server
2022-10-04 12:18:46,182 [INFO] ServerAccessManage:474 - Download File STMicroelectronics.X-CUBE-BLE2.pdsc
2022-10-04 12:18:46,307 [INFO] ServerAccessManage:474 - Download File STMicroelectronics.X-CUBE-BLEMGR.pdsc
2022-10-04 12:18:46,354 [INFO] ServerAccessManage:474 - Download File STMicroelectronics.X-CUBE-DISPLAY.pdsc
2022-10-04 12:18:46,432 [INFO] ServerAccessManage:474 - Download File STMicroelectronics.X-CUBE-EEPRMA1.pdsc
2022-10-04 12:18:46,494 [INFO] ServerAccessManage:474 - Download File STMicroelectronics.X-CUBE-GNSS1.pdsc
2022-10-04 12:18:46,760 [ERROR] ServerAccessManage:1090 - Problem, file not found on Server
2022-10-04 12:18:46,869 [ERROR] ServerAccessManage:1090 - Problem, file not found on Server
2022-10-04 12:18:46,932 [ERROR] ServerAccessManage:1090 - Problem, file not found on Server
2022-10-04 12:18:47,026 [ERROR] ServerAccessManage:1090 - Problem, file not found on Server
2022-10-04 12:18:47,135 [ERROR] ServerAccessManage:1090 - Problem, file not found on Server
2022-10-04 12:18:47,229 [ERROR] ServerAccessManage:1090 - Problem, file not found on Server
2022-10-04 12:18:47,244 [INFO] ServerAccessManage:474 - Download File STMicroelectronics.X-CUBE-ISPU.pdsc
2022-10-04 12:18:47,276 [INFO] ServerAccessManage:474 - Download File STMicroelectronics.X-CUBE-MEMS1.pdsc
2022-10-04 12:18:47,572 [INFO] ServerAccessManage:474 - Download File STMicroelectronics.X-CUBE-NFC4.pdsc
2022-10-04 12:18:47,729 [INFO] ServerAccessManage:474 - Download File STMicroelectronics.X-CUBE-NFC7.pdsc
2022-10-04 12:18:47,760 [INFO] ServerAccessManage:474 - Download File STMicroelectronics.X-CUBE-SFXS2LP1.pdsc
2022-10-04 12:18:47,838 [INFO] ServerAccessManage:474 - Download File STMicroelectronics.X-CUBE-SUBG2.pdsc
2022-10-04 12:18:47,963 [INFO] ServerAccessManage:474 - Download File STMicroelectronics.X-CUBE-TOF1.pdsc
2022-10-04 12:18:48,135 [ERROR] ServerAccessManage:1090 - Problem, file not found on Server
2022-10-04 12:18:48,166 [INFO] ServerAccessManage:474 - Download File STMicroelectronics.X-CUBE-TOUCHGFX.pdsc
2022-10-04 12:18:48,322 [INFO] ServerAccessManage:474 - Download File STMicroelectronics.X-CUBE-ALGOBUILD.pdsc
2022-10-04 12:18:48,416 [INFO] ServerAccessManage:474 - Download File STMicroelectronics.X-CUBE-AZRTOS-H7.pdsc
2022-10-04 12:18:48,510 [INFO] ServerAccessManage:474 - Download File STMicroelectronics.X-CUBE-AZRTOS-F4.pdsc
2022-10-04 12:18:48,588 [INFO] ServerAccessManage:474 - Download File STMicroelectronics.X-CUBE-AZRTOS-F7.pdsc
2022-10-04 12:18:48,666 [INFO] ServerAccessManage:474 - Download File STMicroelectronics.X-CUBE-AZRTOS-L4.pdsc
2022-10-04 12:18:48,697 [INFO] ServerAccessManage:474 - Download File STMicroelectronics.X-CUBE-AZRTOS-L5.pdsc
2022-10-04 12:18:48,744 [INFO] ServerAccessManage:474 - Download File STMicroelectronics.X-CUBE-AZRTOS-G0.pdsc
2022-10-04 12:18:48,807 [INFO] ServerAccessManage:474 - Download File STMicroelectronics.X-CUBE-AZRTOS-G4.pdsc
2022-10-04 12:18:48,854 [INFO] ServerAccessManage:474 - Download File STMicroelectronics.X-CUBE-AZRTOS-WL.pdsc
2022-10-04 12:18:48,979 [WARN] MainUpdater:1184 - Updater busy. Cannot search thirdparties
2022-10-04 12:18:48,979 [INFO] ThirdPartyUpdaterWithRetryManager:96 - Updater plugin is busy. [2/15]
2022-10-04 12:18:49,666 [INFO] ServerAccessManage:474 - Download File wolfSSL.I-CUBE-wolfSSL.pdsc
2022-10-04 12:18:51,994 [WARN] MainUpdater:1184 - Updater busy. Cannot search thirdparties
2022-10-04 12:18:51,994 [INFO] ThirdPartyUpdaterWithRetryManager:96 - Updater plugin is busy. [3/15]
2022-10-04 12:18:52,104 [ERROR] ServerAccessManage:1090 - Problem, file not found on Server
2022-10-04 12:18:52,574 [ERROR] ServerAccessManage:1090 - Problem, file not found on Server
2022-10-04 12:18:53,035 [ERROR] ServerAccessManage:1090 - Problem, file not found on Server
2022-10-04 12:18:53,493 [INFO] ServerAccessManage:474 - Download File RoweBots.I-CUBE-UNISONRTOS.pdsc
2022-10-04 12:18:54,241 [ERROR] ServerAccessManage:1090 - Problem, file not found on Server
2022-10-04 12:18:54,683 [ERROR] ServerAccessManage:1090 - Problem, file not found on Server
2022-10-04 12:18:54,994 [WARN] MainUpdater:1184 - Updater busy. Cannot search thirdparties
2022-10-04 12:18:54,994 [INFO] ThirdPartyUpdaterWithRetryManager:96 - Updater plugin is busy. [4/15]
2022-10-04 12:18:55,150 [ERROR] ServerAccessManage:1090 - Problem, file not found on Server
2022-10-04 12:18:55,580 [ERROR] ServerAccessManage:1090 - Problem, file not found on Server
2022-10-04 12:18:55,694 [INFO] ServerAccessManage:474 - Download File SEGGER.I-CUBE-embOS.pdsc
2022-10-04 12:18:56,025 [INFO] ServerAccessManage:474 - Download File portGmbH.I-Cube-SoM-uGOAL.pdsc
2022-10-04 12:18:56,220 [ERROR] ServerAccessManage:1090 - Problem, file not found on Server
2022-10-04 12:18:56,240 [ERROR] ServerAccessManage:1090 - Problem, file not found on Server
2022-10-04 12:18:56,260 [ERROR] ServerAccessManage:1090 - Problem, file not found on Server
2022-10-04 12:18:56,392 [INFO] ServerAccessManage:474 - Download File emotas.I-CUBE-CANOPEN.pdsc
2022-10-04 12:18:56,548 [WARN] CheckServerUpdateThread:148 - Open CheckUpdateFile Fail
2022-10-04 12:18:56,577 [WARN] PackLoader:242 - Cannot read IP mode file for STMicroelectronics.FP-ATR-ASTRA1.1.1.1
2022-10-04 12:18:56,587 [WARN] PackLoader:242 - Cannot read IP mode file for STMicroelectronics.X-CUBE-AI.7.2.0
2022-10-04 12:18:56,596 [WARN] PackLoader:242 - Cannot read IP mode file for STMicroelectronics.X-CUBE-ALS.1.0.1
2022-10-04 12:18:56,610 [WARN] PackLoader:242 - Cannot read IP mode file for STMicroelectronics.X-CUBE-BLE1.6.2.3
2022-10-04 12:18:56,618 [WARN] PackLoader:242 - Cannot read IP mode file for STMicroelectronics.X-CUBE-BLE2.3.3.0
2022-10-04 12:18:56,633 [WARN] PackLoader:242 - Cannot read IP mode file for STMicroelectronics.X-CUBE-BLEMGR.1.0.0
2022-10-04 12:18:56,654 [WARN] PackLoader:242 - Cannot read IP mode file for STMicroelectronics.X-CUBE-DISPLAY.2.2.0
2022-10-04 12:18:56,669 [WARN] PackLoader:242 - Cannot read IP mode file for STMicroelectronics.X-CUBE-EEPRMA1.3.1.1
2022-10-04 12:18:56,679 [WARN] PackLoader:242 - Cannot read IP mode file for STMicroelectronics.X-CUBE-GNSS1.6.0.0
2022-10-04 12:18:56,689 [WARN] PackLoader:242 - Cannot read IP mode file for STMicroelectronics.X-CUBE-ISPU.1.0.0
2022-10-04 12:18:56,690 [INFO] CheckServerUpdateThread:119 - End of CheckServer Thread
2022-10-04 12:18:56,749 [INFO] MainUpdater:2768 - connection check result : 10
2022-10-04 12:18:56,754 [INFO] McuFinderGlobals:57 - Set McuFinderConnectedMode to true
2022-10-04 12:18:56,801 [WARN] PackLoader:242 - Cannot read IP mode file for STMicroelectronics.X-CUBE-MEMS1.9.3.0
2022-10-04 12:18:57,052 [INFO] ServerAccessManage:474 - Download File mcusAds.json._tmp_
2022-10-04 12:18:57,103 [WARN] PackLoader:242 - Cannot read IP mode file for STMicroelectronics.X-CUBE-NFC4.2.0.4
2022-10-04 12:18:57,110 [WARN] PackLoader:242 - Cannot read IP mode file for STMicroelectronics.X-CUBE-NFC7.1.0.0
2022-10-04 12:18:57,121 [WARN] PackLoader:242 - Cannot read IP mode file for STMicroelectronics.X-CUBE-SFXS2LP1.4.0.0
2022-10-04 12:18:57,149 [WARN] PackLoader:242 - Cannot read IP mode file for STMicroelectronics.X-CUBE-SUBG2.5.0.0
2022-10-04 12:18:57,184 [WARN] PackLoader:242 - Cannot read IP mode file for STMicroelectronics.X-CUBE-TOF1.3.1.0
2022-10-04 12:18:57,184 [WARN] PackLoader:242 - Cannot read IP mode file for STMicroelectronics.X-CUBE-TOUCHGFX.4.20.0
2022-10-04 12:18:57,205 [WARN] PackLoader:242 - Cannot read IP mode file for STMicroelectronics.X-CUBE-ALGOBUILD.1.3.0
2022-10-04 12:18:57,210 [INFO] LoadUrlFilesThread:150 - End of LoadUrlFiles Thread
2022-10-04 12:18:57,245 [WARN] PackLoader:242 - Cannot read IP mode file for STMicroelectronics.X-CUBE-AZRTOS-H7.2.1.0
2022-10-04 12:18:57,261 [INFO] ServerAccessManage:474 - Download File cube-finder-db.zip
2022-10-04 12:18:57,303 [WARN] PackLoader:242 - Cannot read IP mode file for STMicroelectronics.X-CUBE-AZRTOS-F4.1.1.0
2022-10-04 12:18:57,325 [WARN] PackLoader:242 - Cannot read IP mode file for STMicroelectronics.X-CUBE-AZRTOS-F7.1.1.0
2022-10-04 12:18:57,348 [WARN] PackLoader:242 - Cannot read IP mode file for STMicroelectronics.X-CUBE-AZRTOS-L4.1.0.0
2022-10-04 12:18:57,369 [WARN] PackLoader:242 - Cannot read IP mode file for STMicroelectronics.X-CUBE-AZRTOS-L5.1.0.0
2022-10-04 12:18:57,397 [WARN] PackLoader:242 - Cannot read IP mode file for STMicroelectronics.X-CUBE-AZRTOS-G0.1.1.0
2022-10-04 12:18:57,403 [WARN] PackLoader:242 - Cannot read IP mode file for STMicroelectronics.X-CUBE-AZRTOS-G4.1.0.0
2022-10-04 12:18:57,450 [WARN] PackLoader:242 - Cannot read IP mode file for STMicroelectronics.X-CUBE-AZRTOS-WL.1.0.0
2022-10-04 12:18:57,468 [WARN] PackLoader:242 - Cannot read IP mode file for wolfSSL.I-CUBE-wolfSSL.5.5.0
2022-10-04 12:18:57,477 [WARN] PackLoader:242 - Cannot read IP mode file for RoweBots.I-CUBE-UNISONRTOS.5.5.0-4
2022-10-04 12:18:57,527 [WARN] PackLoader:242 - Cannot read IP mode file for SEGGER.I-CUBE-embOS.1.2.0
2022-10-04 12:18:57,624 [WARN] PackLoader:242 - Cannot read IP mode file for portGmbH.I-Cube-SoM-uGOAL.1.1.0
2022-10-04 12:18:57,631 [WARN] PackLoader:242 - Cannot read IP mode file for emotas.I-CUBE-CANOPEN.1.1.2
2022-10-04 12:18:57,632 [INFO] PopulateThirdPartyThread:64 - Ending populate Thread
2022-10-04 12:18:57,643 [INFO] ThirdParty:981 - CMSIS Pack Vendor :RoweBots I-CUBE-UNISONRTOS 5.5.0-4
2022-10-04 12:18:57,643 [INFO] ThirdParty:981 - CMSIS Pack Vendor :STMicroelectronics X-CUBE-GNSS1 6.0.0
2022-10-04 12:18:57,643 [INFO] ThirdParty:981 - CMSIS Pack Vendor :STMicroelectronics X-CUBE-AZRTOS-H7 2.1.0
2022-10-04 12:18:57,643 [INFO] ThirdParty:981 - CMSIS Pack Vendor :STMicroelectronics X-CUBE-AZRTOS-F4 1.1.0
2022-10-04 12:18:57,643 [INFO] ThirdParty:981 - CMSIS Pack Vendor :STMicroelectronics X-CUBE-AZRTOS-G4 1.0.0
2022-10-04 12:18:57,643 [INFO] ThirdParty:981 - CMSIS Pack Vendor :STMicroelectronics X-CUBE-AZRTOS-L4 1.0.0
2022-10-04 12:18:57,643 [INFO] ThirdParty:981 - CMSIS Pack Vendor :wolfSSL I-CUBE-wolfSSL 5.5.0
2022-10-04 12:18:57,643 [INFO] ThirdParty:981 - CMSIS Pack Vendor :emotas I-CUBE-CANOPEN 1.1.2
2022-10-04 12:18:57,643 [INFO] ThirdParty:981 - CMSIS Pack Vendor :STMicroelectronics X-CUBE-TOUCHGFX 4.20.0
2022-10-04 12:18:57,643 [INFO] ThirdParty:981 - CMSIS Pack Vendor :STMicroelectronics X-CUBE-NFC7 1.0.0
2022-10-04 12:18:57,643 [INFO] ThirdParty:981 - CMSIS Pack Vendor :STMicroelectronics X-CUBE-BLEMGR 1.0.0
2022-10-04 12:18:57,644 [INFO] ThirdParty:981 - CMSIS Pack Vendor :STMicroelectronics X-CUBE-AZRTOS-WL 1.0.0
2022-10-04 12:18:57,644 [INFO] ThirdParty:981 - CMSIS Pack Vendor :STMicroelectronics X-CUBE-AZRTOS-F7 1.1.0
2022-10-04 12:18:57,644 [INFO] ThirdParty:981 - CMSIS Pack Vendor :STMicroelectronics X-CUBE-ALS 1.0.1
2022-10-04 12:18:57,644 [INFO] ThirdParty:981 - CMSIS Pack Vendor :STMicroelectronics X-CUBE-MEMS1 9.3.0
2022-10-04 12:18:57,644 [INFO] ThirdParty:981 - CMSIS Pack Vendor :portGmbH I-Cube-SoM-uGOAL 1.1.0
2022-10-04 12:18:57,644 [INFO] ThirdParty:981 - CMSIS Pack Vendor :STMicroelectronics X-CUBE-AI 7.2.0
2022-10-04 12:18:57,644 [INFO] ThirdParty:981 - CMSIS Pack Vendor :STMicroelectronics X-CUBE-BLE1 6.2.3
2022-10-04 12:18:57,644 [INFO] ThirdParty:981 - CMSIS Pack Vendor :STMicroelectronics X-CUBE-ALGOBUILD 1.3.0
2022-10-04 12:18:57,644 [INFO] ThirdParty:981 - CMSIS Pack Vendor :STMicroelectronics X-CUBE-AZRTOS-L5 1.0.0
2022-10-04 12:18:57,644 [INFO] ThirdParty:981 - CMSIS Pack Vendor :STMicroelectronics X-CUBE-AZRTOS-G0 1.1.0
2022-10-04 12:18:57,644 [INFO] ThirdParty:981 - CMSIS Pack Vendor :STMicroelectronics X-CUBE-SUBG2 5.0.0
2022-10-04 12:18:57,644 [INFO] ThirdParty:981 - CMSIS Pack Vendor :SEGGER I-CUBE-embOS 1.2.0
2022-10-04 12:18:57,644 [INFO] ThirdParty:981 - CMSIS Pack Vendor :STMicroelectronics X-CUBE-EEPRMA1 3.1.1
2022-10-04 12:18:57,645 [INFO] ThirdParty:981 - CMSIS Pack Vendor :STMicroelectronics X-CUBE-SFXS2LP1 4.0.0
2022-10-04 12:18:57,645 [INFO] ThirdParty:981 - CMSIS Pack Vendor :STMicroelectronics X-CUBE-BLE2 3.3.0
2022-10-04 12:18:57,645 [INFO] ThirdParty:981 - CMSIS Pack Vendor :STMicroelectronics X-CUBE-NFC4 2.0.4
2022-10-04 12:18:57,645 [INFO] ThirdParty:981 - CMSIS Pack Vendor :STMicroelectronics X-CUBE-DISPLAY 2.2.0
2022-10-04 12:18:57,645 [INFO] ThirdParty:981 - CMSIS Pack Vendor :STMicroelectronics FP-ATR-ASTRA1 1.1.1
2022-10-04 12:18:57,645 [INFO] ThirdParty:981 - CMSIS Pack Vendor :STMicroelectronics X-CUBE-ISPU 1.0.0
2022-10-04 12:18:57,645 [INFO] ThirdParty:981 - CMSIS Pack Vendor :STMicroelectronics X-CUBE-TOF1 3.1.0
2022-10-04 12:18:57,646 [INFO] LoadServerUpdatesThread:367 - End of LoadServerUpdate Thread
2022-10-04 12:18:57,999 [WARN] MainUpdater:1184 - Updater busy. Cannot search thirdparties
2022-10-04 12:18:57,999 [INFO] ThirdPartyUpdaterWithRetryManager:96 - Updater plugin is busy. [5/15]
2022-10-04 12:18:58,024 [INFO] FileExtend:239 - Unzip File : cube-finder-db.zip
2022-10-04 12:18:58,024 [INFO] FileExtend:254 - Standard Zip Deflate
2022-10-04 12:18:58,756 [INFO] LoadUrlFilesThread:150 - End of LoadUrlFiles Thread
2022-10-04 12:18:58,882 [INFO] ServerAccessManage:474 - Download File crdb.zip
2022-10-04 12:18:58,995 [INFO] FileExtend:239 - Unzip File : crdb.zip
2022-10-04 12:18:58,995 [INFO] FileExtend:254 - Standard Zip Deflate
2022-10-04 12:18:59,120 [INFO] LoadUrlFilesThread:150 - End of LoadUrlFiles Thread
2022-10-04 12:18:59,146 [INFO] ServerAccessManage:474 - Download File tutoVideoDB.zip
2022-10-04 12:18:59,151 [INFO] FileExtend:239 - Unzip File : tutoVideoDB.zip
2022-10-04 12:18:59,152 [INFO] FileExtend:254 - Standard Zip Deflate
2022-10-04 12:18:59,277 [INFO] LoadUrlFilesThread:150 - End of LoadUrlFiles Thread
2022-10-04 12:18:59,293 [INFO] JxBrowserEngine:106 - Initiate JxBrowser Engine with user profile folder
2022-10-04 12:18:59,470 [ERROR] JxBrowserEngine:59 - Can't initiate JxBrowser engine com.teamdev.jxbrowser.engine.ChromiumBinariesExtractionException: Failed to extract Chromium binaries into C:\Users\xkosik09\.stm32cubemx\.jxbrowser\Chromium
2022-10-04 12:18:59,471 [WARN] DbFile:40 - Overriding database path with different value: C:\Users\xkosik09\.stmcufinder\plugins\mcufinder/ => C:\Users\xkosik09\.stmcufinder\plugins\mcufinder
2022-10-04 12:18:59,490 [INFO] ServerAccessManage:474 - Download File api_config.json
2022-10-04 12:18:59,608 [INFO] LoadUrlFilesThread:150 - End of LoadUrlFiles Thread
2022-10-04 12:18:59,614 [INFO] DbMcusAds:52 - JSON generation date=Thu Sep 30 08:55:09 CEST 2021 (1632984909247)
2022-10-04 12:18:59,670 [INFO] ServerAccessManage:474 - Download File 
2022-10-04 12:18:59,679 [INFO] LoadUrlFilesThread:177 - End of LoadServerUrlFiles without Thread
2022-10-04 12:18:59,680 [INFO] TargetSelectorAdapter:228 - Refresh data is successful
2022-10-04 12:18:59,887 [INFO] ApiDb:576 - Connected to CubeFinder SQLite database (C:\Users\xkosik09\.stmcufinder\plugins\mcufinder\mcu\cube-finder-db.db)
2022-10-04 12:18:59,913 [INFO] ApiDb:663 - CubeFinder database Data Model version=2.1
2022-10-04 12:18:59,913 [INFO] ApiDb:664 - CubeFinder database Configuration version=3.0.32
2022-10-04 12:18:59,914 [INFO] ApiDb:665 - CubeFinder database generation date=2022-08-05 (1659688109)
2022-10-04 12:18:59,914 [INFO] ApiDb:666 - CubeFinder database FW Pack versions=[STM32Cube_FW_C0_V1.0.0, STM32Cube_FW_F4_V1.27.1, STM32Cube_FW_F7_V1.17.0, STM32Cube_FW_G0_V1.6.1, STM32Cube_FW_G4_V1.5.0, STM32Cube_FW_H7_V1.10.0, STM32Cube_FW_L5_V1.4.0, STM32Cube_FW_U5_V1.1.1, STM32Cube_FW_WB_V1.14.1, STM32Cube_FW_WL_V1.2.0, X-CUBE-ALGOBUILD_V1.3.0, X-CUBE-ALS_V1.0.1, X-CUBE-AZRTOS-F4_V1.1.0, X-CUBE-AZRTOS-F7_V1.1.0, X-CUBE-AZRTOS-G0_V1.1.0, X-CUBE-AZRTOS-G4_V1.0.0, X-CUBE-AZRTOS-H7_V2.1.0, X-CUBE-AZRTOS-L4_V1.0.0, X-CUBE-AZRTOS-L5_V1.0.0, X-CUBE-AZRTOS-WL_V1.0.0, X-CUBE-BLE1_V6.2.3, X-CUBE-BLE2_V3.3.0, X-CUBE-EEPRMA1_V3.1.1, X-CUBE-GNSS1_V6.0.0, X-CUBE-MEMS1_V9.1.0, X-CUBE-MEMS1_V9.3.0, X-CUBE-NFC4_V2.0.4, X-CUBE-NFC7_V1.0.0, X-CUBE-SFXS2LP1_V4.0.0, X-CUBE-SUBG2_V5.0.0]
2022-10-04 12:19:01,150 [WARN] PackLoader:242 - Cannot read IP mode file for STMicroelectronics.X-CUBE-GNSS1.6.0.0
2022-10-04 12:19:01,166 [WARN] PackLoader:242 - Cannot read IP mode file for STMicroelectronics.X-CUBE-AZRTOS-F4.1.1.0
2022-10-04 12:19:01,197 [WARN] PackLoader:242 - Cannot read IP mode file for STMicroelectronics.X-CUBE-AZRTOS-F7.1.1.0
2022-10-04 12:19:01,197 [WARN] PackLoader:242 - Cannot read IP mode file for STMicroelectronics.X-CUBE-BLE1.6.2.3
2022-10-04 12:19:01,212 [WARN] PackLoader:242 - Cannot read IP mode file for STMicroelectronics.X-CUBE-NFC4.2.0.4
2022-10-04 12:19:01,212 [WARN] PackLoader:242 - Cannot read IP mode file for STMicroelectronics.X-CUBE-TOF1.3.1.0
2022-10-04 12:19:01,228 [WARN] PackLoader:242 - Cannot read IP mode file for wolfSSL.I-CUBE-wolfSSL.5.5.0
2022-10-04 12:19:01,228 [WARN] PackLoader:242 - Cannot read IP mode file for STMicroelectronics.X-CUBE-NFC7.1.0.0
2022-10-04 12:19:01,291 [WARN] PackLoader:242 - Cannot read IP mode file for STMicroelectronics.X-CUBE-MEMS1.9.3.0
2022-10-04 12:19:01,400 [WARN] PackLoader:242 - Cannot read IP mode file for STMicroelectronics.X-CUBE-AI.7.2.0
2022-10-04 12:19:01,416 [WARN] PackLoader:242 - Cannot read IP mode file for STMicroelectronics.X-CUBE-SFXS2LP1.4.0.0
2022-10-04 12:19:01,425 [WARN] PackLoader:242 - Cannot read IP mode file for STMicroelectronics.X-CUBE-BLE2.3.3.0
2022-10-04 12:19:01,431 [WARN] PackLoader:242 - Cannot read IP mode file for STMicroelectronics.X-CUBE-DISPLAY.2.2.0
2022-10-04 12:19:01,441 [WARN] PackLoader:242 - Cannot read IP mode file for STMicroelectronics.X-CUBE-ISPU.1.0.0
2022-10-04 12:19:01,450 [WARN] PackLoader:242 - Cannot read IP mode file for RoweBots.I-CUBE-UNISONRTOS.5.5.0-4
2022-10-04 12:19:01,479 [WARN] PackLoader:242 - Cannot read IP mode file for STMicroelectronics.X-CUBE-AZRTOS-H7.2.1.0
2022-10-04 12:19:01,495 [WARN] PackLoader:242 - Cannot read IP mode file for STMicroelectronics.X-CUBE-BLEMGR.1.0.0
2022-10-04 12:19:01,506 [WARN] PackLoader:242 - Cannot read IP mode file for STMicroelectronics.X-CUBE-ALGOBUILD.1.3.0
2022-10-04 12:19:01,523 [WARN] PackLoader:242 - Cannot read IP mode file for STMicroelectronics.X-CUBE-AZRTOS-G0.1.1.0
2022-10-04 12:19:01,537 [WARN] PackLoader:242 - Cannot read IP mode file for STMicroelectronics.X-CUBE-SUBG2.5.0.0
2022-10-04 12:19:01,584 [WARN] PackLoader:242 - Cannot read IP mode file for SEGGER.I-CUBE-embOS.1.2.0
2022-10-04 12:19:01,622 [WARN] PackLoader:242 - Cannot read IP mode file for STMicroelectronics.FP-ATR-ASTRA1.1.1.1
2022-10-04 12:19:01,637 [WARN] PackLoader:242 - Cannot read IP mode file for STMicroelectronics.X-CUBE-AZRTOS-G4.1.0.0
2022-10-04 12:19:01,655 [WARN] PackLoader:242 - Cannot read IP mode file for STMicroelectronics.X-CUBE-AZRTOS-L4.1.0.0
2022-10-04 12:19:01,665 [WARN] PackLoader:242 - Cannot read IP mode file for emotas.I-CUBE-CANOPEN.1.1.2
2022-10-04 12:19:01,669 [WARN] PackLoader:242 - Cannot read IP mode file for STMicroelectronics.X-CUBE-TOUCHGFX.4.20.0
2022-10-04 12:19:01,680 [WARN] PackLoader:242 - Cannot read IP mode file for STMicroelectronics.X-CUBE-AZRTOS-WL.1.0.0
2022-10-04 12:19:01,687 [WARN] PackLoader:242 - Cannot read IP mode file for portGmbH.I-Cube-SoM-uGOAL.1.1.0
2022-10-04 12:19:01,693 [WARN] PackLoader:242 - Cannot read IP mode file for STMicroelectronics.X-CUBE-ALS.1.0.1
2022-10-04 12:19:01,709 [WARN] PackLoader:242 - Cannot read IP mode file for STMicroelectronics.X-CUBE-AZRTOS-L5.1.0.0
2022-10-04 12:19:01,718 [WARN] PackLoader:242 - Cannot read IP mode file for STMicroelectronics.X-CUBE-EEPRMA1.3.1.1
2022-10-04 12:19:01,720 [INFO] ThirdParty:929 - Integrity check success = true
2022-10-04 12:19:01,720 [INFO] IntegrityCheckThread:98 - exiting critical section [integrity check]
2022-10-04 12:19:01,720 [INFO] IntegrityCheckThread:101 - End integrity checks thread
2022-10-04 12:19:02,031 [INFO] ApiDb:239 - Found 138 in-development CPN: [B-WB1M-WPAN1, NUCLEO-C031C6, STEVAL-STWINBX1, STM320518-EVAL, STM32C0116-DK, STM32C011D6Y3TR, STM32C011D6Y6TR, STM32C011F4P3, STM32C011F4P6, STM32C011F4U3, STM32C011F4U6TR, STM32C011F6P3, STM32C011F6P6, STM32C011F6U3, STM32C011F6U6TR, STM32C011J4M3, STM32C011J4M6, STM32C011J6M3, STM32C011J6M6, STM32C0316-DK, STM32C031C4T3, STM32C031C4T6, STM32C031C4U3, STM32C031C4U6, STM32C031C6T3, STM32C031C6T6, STM32C031C6U3, STM32C031C6U6, STM32C031F4P3, STM32C031F4P6, STM32C031F6P3, STM32C031F6P6, STM32C031G4U3, STM32C031G4U6, STM32C031G6U3, STM32C031G6U6, STM32C031K4T3, STM32C031K4T6, STM32C031K4U3, STM32C031K4U6, STM32C031K6T3, STM32C031K6T6, STM32C031K6U3, STM32C031K6U6, STM32G071K8TXN, STM32G071K8UXN, STM32G081GBU6N, STM32G081KBT6N, STM32G081KBUXN, STM32G0B1CCT6N, STM32G0B1KCT6, STM32G0B1NEY6TR, STM32G0B1RCT6N, STM32G0C1CCT6, STM32G0C1CCT6N, STM32G0C1CCU6N, STM32G0C1CET6N, STM32G0C1CEU6N, STM32G0C1KCT6, STM32G0C1NEY6TR, STM32G0C1RCI6N, STM32G0C1RCT6N, STM32G0C1REI6N, STM32G0C1RET6N, STM32G0C1VCI6, STM32G0C1VEI6, STM32G471CCT6, STM32G471CCU6, STM32G471CET3, STM32G471CET6, STM32G471CEU3, STM32G471CEU6, STM32G471MCT6, STM32G471MET3, STM32G471MET6, STM32G471MEY6TR, STM32G471QCT6, STM32G471QET3, STM32G471RCT6, STM32G471RET3, STM32G471RET6, STM32G471VCH6, STM32G471VCI6, STM32G471VCT6, STM32G471VEH3, STM32G471VEH6, STM32G471VEI3, STM32G471VEI6, STM32G471VET3, STM32G471VET6, STM32G474CCT6, STM32L476VGY6PTR, STM32L4R5QGI6STR, STM32MP131AAE3, STM32MP131AAF3, STM32MP131AAG3, STM32MP131CAE3, STM32MP131CAF3, STM32MP131CAG3, STM32MP131DAE7, STM32MP131DAF7, STM32MP131DAG7, STM32MP131FAE7, STM32MP131FAF7, STM32MP131FAG7, STM32MP133AAE3, STM32MP133AAF3, STM32MP133AAG3, STM32MP133CAE3, STM32MP133CAF3, STM32MP133CAG3, STM32MP133DAE7, STM32MP133DAF7, STM32MP133DAG7, STM32MP133FAE7, STM32MP133FAF7, STM32MP133FAG7, STM32MP135AAE3, STM32MP135AAF3, STM32MP135AAG3, STM32MP135CAE3, STM32MP135CAF3, STM32MP135CAG3, STM32MP135DAE7, STM32MP135DAF7, STM32MP135DAG7, STM32MP135F-DK, STM32MP135FAE7, STM32MP135FAF7, STM32MP135FAG7, STM32U595ZJT6Q, STM32U599BJY6QTR, STM32U599NIH6Q, STM32U599NJH6Q, STM32U5A5ZJT6Q, STM32U5A9BJY6QTR, STM32U5A9NJH6Q, STM32WB1MMCH6]
2022-10-04 12:19:02,038 [INFO] DbMcus:215 - Found 3542 MCUs, 3542 are supported
2022-10-04 12:19:02,042 [INFO] ApiDb:418 - Load user favorites file C:\Users\xkosik09/.stm32cubeide/favorites.mcus.txt: 0 item(s)
2022-10-04 12:19:02,042 [INFO] ApiDb:422 - User favorites MCUs=[]
2022-10-04 12:19:02,042 [INFO] DbMcus:221 - Set 0 / 0 favorites MCUs
2022-10-04 12:19:02,045 [INFO] ApiDb:663 - CubeFinder database Data Model version=2.1
2022-10-04 12:19:02,046 [INFO] ApiDb:664 - CubeFinder database Configuration version=3.0.32
2022-10-04 12:19:02,046 [INFO] ApiDb:665 - CubeFinder database generation date=2022-08-05 (1659688109)
2022-10-04 12:19:02,046 [INFO] ApiDb:666 - CubeFinder database FW Pack versions=[STM32Cube_FW_C0_V1.0.0, STM32Cube_FW_F4_V1.27.1, STM32Cube_FW_F7_V1.17.0, STM32Cube_FW_G0_V1.6.1, STM32Cube_FW_G4_V1.5.0, STM32Cube_FW_H7_V1.10.0, STM32Cube_FW_L5_V1.4.0, STM32Cube_FW_U5_V1.1.1, STM32Cube_FW_WB_V1.14.1, STM32Cube_FW_WL_V1.2.0, X-CUBE-ALGOBUILD_V1.3.0, X-CUBE-ALS_V1.0.1, X-CUBE-AZRTOS-F4_V1.1.0, X-CUBE-AZRTOS-F7_V1.1.0, X-CUBE-AZRTOS-G0_V1.1.0, X-CUBE-AZRTOS-G4_V1.0.0, X-CUBE-AZRTOS-H7_V2.1.0, X-CUBE-AZRTOS-L4_V1.0.0, X-CUBE-AZRTOS-L5_V1.0.0, X-CUBE-AZRTOS-WL_V1.0.0, X-CUBE-BLE1_V6.2.3, X-CUBE-BLE2_V3.3.0, X-CUBE-EEPRMA1_V3.1.1, X-CUBE-GNSS1_V6.0.0, X-CUBE-MEMS1_V9.1.0, X-CUBE-MEMS1_V9.3.0, X-CUBE-NFC4_V2.0.4, X-CUBE-NFC7_V1.0.0, X-CUBE-SFXS2LP1_V4.0.0, X-CUBE-SUBG2_V5.0.0]
2022-10-04 12:19:02,112 [INFO] DbBoardsSqlite:227 - include board P-NUCLEO-WB55-NUCLEO as a kit item of type 'Nucleo-64'
2022-10-04 12:19:02,112 [INFO] DbBoardsSqlite:227 - include board P-NUCLEO-WB55-USBDONGLE as a kit item of type 'Nucleo USB Dongle'
2022-10-04 12:19:02,112 [INFO] DbBoardsSqlite:227 - include board STEVAL-IDP005V1 as a kit item of type 'Evaluation Board'
2022-10-04 12:19:02,113 [INFO] DbBoardsSqlite:227 - include board STEVAL-IDP005V2 as a kit item of type 'Evaluation Board'
2022-10-04 12:19:02,122 [INFO] ApiDb:239 - Found 138 in-development CPN: [B-WB1M-WPAN1, NUCLEO-C031C6, STEVAL-STWINBX1, STM320518-EVAL, STM32C0116-DK, STM32C011D6Y3TR, STM32C011D6Y6TR, STM32C011F4P3, STM32C011F4P6, STM32C011F4U3, STM32C011F4U6TR, STM32C011F6P3, STM32C011F6P6, STM32C011F6U3, STM32C011F6U6TR, STM32C011J4M3, STM32C011J4M6, STM32C011J6M3, STM32C011J6M6, STM32C0316-DK, STM32C031C4T3, STM32C031C4T6, STM32C031C4U3, STM32C031C4U6, STM32C031C6T3, STM32C031C6T6, STM32C031C6U3, STM32C031C6U6, STM32C031F4P3, STM32C031F4P6, STM32C031F6P3, STM32C031F6P6, STM32C031G4U3, STM32C031G4U6, STM32C031G6U3, STM32C031G6U6, STM32C031K4T3, STM32C031K4T6, STM32C031K4U3, STM32C031K4U6, STM32C031K6T3, STM32C031K6T6, STM32C031K6U3, STM32C031K6U6, STM32G071K8TXN, STM32G071K8UXN, STM32G081GBU6N, STM32G081KBT6N, STM32G081KBUXN, STM32G0B1CCT6N, STM32G0B1KCT6, STM32G0B1NEY6TR, STM32G0B1RCT6N, STM32G0C1CCT6, STM32G0C1CCT6N, STM32G0C1CCU6N, STM32G0C1CET6N, STM32G0C1CEU6N, STM32G0C1KCT6, STM32G0C1NEY6TR, STM32G0C1RCI6N, STM32G0C1RCT6N, STM32G0C1REI6N, STM32G0C1RET6N, STM32G0C1VCI6, STM32G0C1VEI6, STM32G471CCT6, STM32G471CCU6, STM32G471CET3, STM32G471CET6, STM32G471CEU3, STM32G471CEU6, STM32G471MCT6, STM32G471MET3, STM32G471MET6, STM32G471MEY6TR, STM32G471QCT6, STM32G471QET3, STM32G471RCT6, STM32G471RET3, STM32G471RET6, STM32G471VCH6, STM32G471VCI6, STM32G471VCT6, STM32G471VEH3, STM32G471VEH6, STM32G471VEI3, STM32G471VEI6, STM32G471VET3, STM32G471VET6, STM32G474CCT6, STM32L476VGY6PTR, STM32L4R5QGI6STR, STM32MP131AAE3, STM32MP131AAF3, STM32MP131AAG3, STM32MP131CAE3, STM32MP131CAF3, STM32MP131CAG3, STM32MP131DAE7, STM32MP131DAF7, STM32MP131DAG7, STM32MP131FAE7, STM32MP131FAF7, STM32MP131FAG7, STM32MP133AAE3, STM32MP133AAF3, STM32MP133AAG3, STM32MP133CAE3, STM32MP133CAF3, STM32MP133CAG3, STM32MP133DAE7, STM32MP133DAF7, STM32MP133DAG7, STM32MP133FAE7, STM32MP133FAF7, STM32MP133FAG7, STM32MP135AAE3, STM32MP135AAF3, STM32MP135AAG3, STM32MP135CAE3, STM32MP135CAF3, STM32MP135CAG3, STM32MP135DAE7, STM32MP135DAF7, STM32MP135DAG7, STM32MP135F-DK, STM32MP135FAE7, STM32MP135FAF7, STM32MP135FAG7, STM32U595ZJT6Q, STM32U599BJY6QTR, STM32U599NIH6Q, STM32U599NJH6Q, STM32U5A5ZJT6Q, STM32U5A9BJY6QTR, STM32U5A9NJH6Q, STM32WB1MMCH6]
2022-10-04 12:19:02,296 [INFO] BoardInfo:879 - No configuration file found for board P-NUCLEO-WB55
2022-10-04 12:19:02,297 [INFO] DbBoards:156 - Kit is not supported: P-NUCLEO-WB55
2022-10-04 12:19:02,304 [INFO] BoardInfo:879 - No configuration file found for board STEVAL-BFA001V1B
2022-10-04 12:19:02,304 [INFO] DbBoards:156 - Kit is not supported: STEVAL-BFA001V1B
2022-10-04 12:19:02,306 [INFO] BoardInfo:879 - No configuration file found for board STEVAL-BFA001V2B
2022-10-04 12:19:02,306 [INFO] DbBoards:156 - Kit is not supported: STEVAL-BFA001V2B
2022-10-04 12:19:02,465 [INFO] DbBoards:160 - Found 176 boards, 173 are supported
2022-10-04 12:19:02,473 [INFO] ApiDb:418 - Load user favorites file C:\Users\xkosik09/.stm32cubeide/favorites.boards.txt: 0 item(s)
2022-10-04 12:19:02,474 [INFO] ApiDb:422 - User favorites Boards=[]
2022-10-04 12:19:02,474 [INFO] DbBoards:189 - Set 0 / 0 favorites Boards
2022-10-04 12:19:02,477 [INFO] ApiDb:663 - CubeFinder database Data Model version=2.1
2022-10-04 12:19:02,477 [INFO] ApiDb:664 - CubeFinder database Configuration version=3.0.32
2022-10-04 12:19:02,477 [INFO] ApiDb:665 - CubeFinder database generation date=2022-08-05 (1659688109)
2022-10-04 12:19:02,477 [INFO] ApiDb:666 - CubeFinder database FW Pack versions=[STM32Cube_FW_C0_V1.0.0, STM32Cube_FW_F4_V1.27.1, STM32Cube_FW_F7_V1.17.0, STM32Cube_FW_G0_V1.6.1, STM32Cube_FW_G4_V1.5.0, STM32Cube_FW_H7_V1.10.0, STM32Cube_FW_L5_V1.4.0, STM32Cube_FW_U5_V1.1.1, STM32Cube_FW_WB_V1.14.1, STM32Cube_FW_WL_V1.2.0, X-CUBE-ALGOBUILD_V1.3.0, X-CUBE-ALS_V1.0.1, X-CUBE-AZRTOS-F4_V1.1.0, X-CUBE-AZRTOS-F7_V1.1.0, X-CUBE-AZRTOS-G0_V1.1.0, X-CUBE-AZRTOS-G4_V1.0.0, X-CUBE-AZRTOS-H7_V2.1.0, X-CUBE-AZRTOS-L4_V1.0.0, X-CUBE-AZRTOS-L5_V1.0.0, X-CUBE-AZRTOS-WL_V1.0.0, X-CUBE-BLE1_V6.2.3, X-CUBE-BLE2_V3.3.0, X-CUBE-EEPRMA1_V3.1.1, X-CUBE-GNSS1_V6.0.0, X-CUBE-MEMS1_V9.1.0, X-CUBE-MEMS1_V9.3.0, X-CUBE-NFC4_V2.0.4, X-CUBE-NFC7_V1.0.0, X-CUBE-SFXS2LP1_V4.0.0, X-CUBE-SUBG2_V5.0.0]
2022-10-04 12:19:03,279 [INFO] DbExamplesSqlite:374 - Ignored 31 examples not supported by CubeIDE
2022-10-04 12:19:03,279 [INFO] DbExamplesSqlite:375 - Found 6197 examples active
2022-10-04 12:19:03,279 [INFO] DbExamplesSqlite:376 - Found 89 examples obsolete
2022-10-04 12:19:03,279 [INFO] DbExamplesSqlite:377 - Found 0 examples under development
2022-10-04 12:19:03,280 [INFO] DbExamplesSqlite:378 - Found 76 examples not building
2022-10-04 12:19:03,281 [INFO] DbExamples:124 - Found 6242 examples
2022-10-04 12:19:03,296 [INFO] DbExamples:221 - Found 77 boards with related examples
2022-10-04 12:19:03,297 [INFO] DbExamples:234 - Found 64 MCUs with related examples
2022-10-04 12:19:03,325 [INFO] ApiDb:409 - User favorites file not found: C:\Users\xkosik09/.stm32cubeide/favorites.examples.txt
2022-10-04 12:19:03,325 [INFO] DbExamples:249 - Set 0 / 0 favorites Examples
2022-10-04 12:19:03,466 [INFO] McuFinderGlobals:57 - Set McuFinderConnectedMode to true
2022-10-04 12:19:03,482 [INFO] MultiScanPanel:195 - Auto-refresh data requested => check proxy status ongoing
2022-10-04 12:19:03,482 [INFO] FinderPluginLoader:92 - Searching for filters in installed packs
2022-10-04 12:19:05,246 [INFO] LoadUrlFilesThread:177 - End of LoadServerUrlFiles without Thread
2022-10-04 12:19:05,262 [INFO] DetailPanel:339 - Set advertising image to C:/Users/xkosik09/STM32Cube/Repository/\en.Prom_NBSTM32U50921.jpg
2022-10-04 12:19:50,715 [ERROR] LogOutputStream:74 - [STDERR_REDIRECT] Exception in thread "AWT-EventQueue-0" org.eclipse.swt.SWTException: Device is disposed
2022-10-04 12:19:50,715 [ERROR] LogOutputStream:74 - [STDERR_REDIRECT] 	at org.eclipse.swt.SWT.error(SWT.java:4918)
2022-10-04 12:19:50,715 [ERROR] LogOutputStream:74 - [STDERR_REDIRECT] 	at org.eclipse.swt.SWT.error(SWT.java:4833)
2022-10-04 12:19:50,715 [ERROR] LogOutputStream:74 - [STDERR_REDIRECT] 	at org.eclipse.swt.SWT.error(SWT.java:4804)
2022-10-04 12:19:50,715 [ERROR] LogOutputStream:74 - [STDERR_REDIRECT] 	at org.eclipse.swt.widgets.Display.error(Display.java:1272)
2022-10-04 12:19:50,715 [ERROR] LogOutputStream:74 - [STDERR_REDIRECT] 	at org.eclipse.swt.widgets.Display.asyncExec(Display.java:789)
2022-10-04 12:19:50,731 [ERROR] LogOutputStream:74 - [STDERR_REDIRECT] 	at com.st.stm32cube.common.mx.oss.core.awtswtbridge.AwtEnvironment$2.run(AwtEnvironment.java:168)
2022-10-04 12:19:50,731 [ERROR] LogOutputStream:74 - [STDERR_REDIRECT] 	at java.desktop/java.awt.event.InvocationEvent.dispatch(InvocationEvent.java:313)
2022-10-04 12:19:50,731 [ERROR] LogOutputStream:74 - [STDERR_REDIRECT] 	at java.desktop/java.awt.EventQueue.dispatchEventImpl(EventQueue.java:770)
2022-10-04 12:19:50,731 [ERROR] LogOutputStream:74 - [STDERR_REDIRECT] 	at java.desktop/java.awt.EventQueue$4.run(EventQueue.java:721)
2022-10-04 12:19:50,731 [ERROR] LogOutputStream:74 - [STDERR_REDIRECT] 	at java.desktop/java.awt.EventQueue$4.run(EventQueue.java:715)
2022-10-04 12:19:50,731 [ERROR] LogOutputStream:74 - [STDERR_REDIRECT] 	at java.base/java.security.AccessController.doPrivileged(Native Method)
2022-10-04 12:19:50,746 [ERROR] LogOutputStream:74 - [STDERR_REDIRECT] 	at java.base/java.security.ProtectionDomain$JavaSecurityAccessImpl.doIntersectionPrivilege(ProtectionDomain.java:85)
2022-10-04 12:19:50,746 [ERROR] LogOutputStream:74 - [STDERR_REDIRECT] 	at java.desktop/java.awt.EventQueue.dispatchEvent(EventQueue.java:740)
2022-10-04 12:19:50,746 [ERROR] LogOutputStream:74 - [STDERR_REDIRECT] 	at java.desktop/java.awt.EventDispatchThread.pumpOneEventForFilters(EventDispatchThread.java:203)
2022-10-04 12:19:50,746 [ERROR] LogOutputStream:74 - [STDERR_REDIRECT] 	at java.desktop/java.awt.EventDispatchThread.pumpEventsForFilter(EventDispatchThread.java:124)
2022-10-04 12:19:50,746 [ERROR] LogOutputStream:74 - [STDERR_REDIRECT] 	at java.desktop/java.awt.EventDispatchThread.pumpEventsForHierarchy(EventDispatchThread.java:113)
2022-10-04 12:19:50,746 [ERROR] LogOutputStream:74 - [STDERR_REDIRECT] 	at java.desktop/java.awt.EventDispatchThread.pumpEvents(EventDispatchThread.java:109)
2022-10-04 12:19:50,762 [ERROR] LogOutputStream:74 - [STDERR_REDIRECT] 	at java.desktop/java.awt.EventDispatchThread.pumpEvents(EventDispatchThread.java:101)
2022-10-04 12:19:50,762 [ERROR] LogOutputStream:74 - [STDERR_REDIRECT] 	at java.desktop/java.awt.EventDispatchThread.run(EventDispatchThread.java:90)
2022-10-04 12:19:50,856 [ERROR] LogOutputStream:74 - [STDERR_REDIRECT] 
2022-10-04 12:20:56,055 [INFO] Activator:177 - 


2022-10-04 12:20:56,055 [INFO] Activator:178 - !SESSION log4j initialized
2022-10-04 12:21:21,744 [ERROR] LogOutputStream:74 - [STDERR_REDIRECT] SLF4J: Failed to load class "org.slf4j.impl.StaticLoggerBinder".
2022-10-04 12:21:21,744 [ERROR] LogOutputStream:74 - [STDERR_REDIRECT] SLF4J: Defaulting to no-operation (NOP) logger implementation
2022-10-04 12:21:21,744 [ERROR] LogOutputStream:74 - [STDERR_REDIRECT] SLF4J: See http://www.slf4j.org/codes.html#StaticLoggerBinder for further details.
